This file contains any messages produced by compilers while
running configure, to aid debugging if configure makes a mistake.

It was created by configure, which was
generated by GNU Autoconf 2.63.  Invocation command line was

  $ ./configure 

## --------- ##
## Platform. ##
## --------- ##

hostname = macbookair
uname -m = x86_64
uname -r = 11.2.0
uname -s = Darwin
uname -v = Darwin Kernel Version 11.2.0: Tue Aug  9 20:54:00 PDT 2011; root:xnu-1699.24.8~1/RELEASE_X86_64

/usr/bin/uname -p = i386
/bin/uname -X     = unknown

/bin/arch              = unknown
/usr/bin/arch -k       = unknown
/usr/convex/getsysinfo = unknown
/usr/bin/hostinfo      = Mach kernel version:
	 Darwin Kernel Version 11.2.0: Tue Aug  9 20:54:00 PDT 2011; root:xnu-1699.24.8~1/RELEASE_X86_64
Kernel configured for up to 2 processors.
2 processors are physically available.
2 processors are logically available.
Processor type: i486 (Intel 80486)
Processors active: 0 1
Primary memory available: 4.00 gigabytes
Default processor set: 80 tasks, 392 threads, 2 processors
Load average: 0.77, Mach factor: 1.22
/bin/machine           = unknown
/usr/bin/oslevel       = unknown
/bin/universe          = unknown

PATH: /usr/bin
PATH: /bin
PATH: /usr/sbin
PATH: /sbin
PATH: /usr/local/bin
PATH: /usr/X11/bin


## ----------- ##
## Core tests. ##
## ----------- ##

configure:2143: checking build system type
configure:2161: result: i386-apple-darwin11.2.0
configure:2183: checking host system type
configure:2198: result: i386-apple-darwin11.2.0
configure:2268: checking for gcc
configure:2284: found /usr/bin/gcc
configure:2295: result: gcc
configure:2527: checking for C compiler version
configure:2535: gcc --version >&5
i686-apple-darwin11-llvm-gcc-4.2 (GCC) 4.2.1 (Based on Apple Inc. build 5658) (LLVM build 2336.1.00)
Copyright (C) 2007 Free Software Foundation, Inc.
This is free software; see the source for copying conditions.  There is NO
warranty; not even for MERCHANTABILITY or FITNESS FOR A PARTICULAR PURPOSE.

configure:2539: $? = 0
configure:2546: gcc -v >&5
Using built-in specs.
Target: i686-apple-darwin11
Configured with: /private/var/tmp/llvmgcc42/llvmgcc42-2336.1~22/src/configure --disable-checking --enable-werror --prefix=/Developer/usr/llvm-gcc-4.2 --mandir=/share/man --enable-languages=c,objc,c++,obj-c++ --program-prefix=llvm- --program-transform-name=/^[cg][^.-]*$/s/$/-4.2/ --with-slibdir=/usr/lib --build=i686-apple-darwin11 --enable-llvm=/private/var/tmp/llvmgcc42/llvmgcc42-2336.1~22/dst-llvmCore/Developer/usr/local --program-prefix=i686-apple-darwin11- --host=x86_64-apple-darwin11 --target=i686-apple-darwin11 --with-gxx-include-dir=/usr/include/c++/4.2.1
Thread model: posix
gcc version 4.2.1 (Based on Apple Inc. build 5658) (LLVM build 2336.1.00)
configure:2550: $? = 0
configure:2557: gcc -V >&5
llvm-gcc-4.2: argument to `-V' is missing
configure:2561: $? = 1
configure:2584: checking for C compiler default output file name
configure:2606: gcc    conftest.c  >&5
configure:2610: $? = 0
configure:2648: result: a.out
configure:2667: checking whether the C compiler works
configure:2677: ./a.out
configure:2681: $? = 0
configure:2700: result: yes
configure:2707: checking whether we are cross compiling
configure:2709: result: no
configure:2712: checking for suffix of executables
configure:2719: gcc -o conftest    conftest.c  >&5
configure:2723: $? = 0
configure:2749: result: 
configure:2755: checking for suffix of object files
configure:2781: gcc -c   conftest.c >&5
configure:2785: $? = 0
configure:2810: result: o
configure:2814: checking whether we are using the GNU C compiler
configure:2843: gcc -c   conftest.c >&5
configure:2850: $? = 0
configure:2867: result: yes
configure:2876: checking whether gcc accepts -g
configure:2906: gcc -c -g  conftest.c >&5
configure:2913: $? = 0
configure:3014: result: yes
configure:3031: checking for gcc option to accept ISO C89
configure:3105: gcc  -c -g -O2  conftest.c >&5
configure:3112: $? = 0
configure:3135: result: none needed
configure:3159: checking how to run the C preprocessor
configure:3199: gcc -E  conftest.c
configure:3206: $? = 0
configure:3237: gcc -E  conftest.c
conftest.c:8:28: error: ac_nonexistent.h: No such file or directory
configure:3244: $? = 1
configure: failed program was:
| /* confdefs.h.  */
| #define PACKAGE_NAME ""
| #define PACKAGE_TARNAME ""
| #define PACKAGE_VERSION ""
| #define PACKAGE_STRING ""
| #define PACKAGE_BUGREPORT ""
| /* end confdefs.h.  */
| #include <ac_nonexistent.h>
configure:3277: result: gcc -E
configure:3306: gcc -E  conftest.c
configure:3313: $? = 0
configure:3344: gcc -E  conftest.c
conftest.c:8:28: error: ac_nonexistent.h: No such file or directory
configure:3351: $? = 1
configure: failed program was:
| /* confdefs.h.  */
| #define PACKAGE_NAME ""
| #define PACKAGE_TARNAME ""
| #define PACKAGE_VERSION ""
| #define PACKAGE_STRING ""
| #define PACKAGE_BUGREPORT ""
| /* end confdefs.h.  */
| #include <ac_nonexistent.h>
configure:3391: checking for grep that handles long lines and -e
configure:3451: result: /usr/bin/grep
configure:3456: checking for egrep
configure:3520: result: /usr/bin/grep -E
configure:3525: checking for ANSI C header files
configure:3555: gcc -c -g -O2  conftest.c >&5
configure:3562: $? = 0
configure:3661: gcc -o conftest -g -O2   conftest.c  >&5
configure:3665: $? = 0
configure:3671: ./conftest
configure:3675: $? = 0
configure:3693: result: yes
configure:3717: checking for sys/types.h
configure:3738: gcc -c -g -O2  conftest.c >&5
configure:3745: $? = 0
configure:3762: result: yes
configure:3717: checking for sys/stat.h
configure:3738: gcc -c -g -O2  conftest.c >&5
configure:3745: $? = 0
configure:3762: result: yes
configure:3717: checking for stdlib.h
configure:3738: gcc -c -g -O2  conftest.c >&5
configure:3745: $? = 0
configure:3762: result: yes
configure:3717: checking for string.h
configure:3738: gcc -c -g -O2  conftest.c >&5
configure:3745: $? = 0
configure:3762: result: yes
configure:3717: checking for memory.h
configure:3738: gcc -c -g -O2  conftest.c >&5
configure:3745: $? = 0
configure:3762: result: yes
configure:3717: checking for strings.h
configure:3738: gcc -c -g -O2  conftest.c >&5
configure:3745: $? = 0
configure:3762: result: yes
configure:3717: checking for inttypes.h
configure:3738: gcc -c -g -O2  conftest.c >&5
configure:3745: $? = 0
configure:3762: result: yes
configure:3717: checking for stdint.h
configure:3738: gcc -c -g -O2  conftest.c >&5
configure:3745: $? = 0
configure:3762: result: yes
configure:3717: checking for unistd.h
configure:3738: gcc -c -g -O2  conftest.c >&5
configure:3745: $? = 0
configure:3762: result: yes
configure:3787: checking minix/config.h usability
configure:3804: gcc -c -g -O2  conftest.c >&5
conftest.c:51:26: error: minix/config.h: No such file or directory
configure:3811: $? = 1
configure: failed program was:
| /* confdefs.h.  */
| #define PACKAGE_NAME ""
| #define PACKAGE_TARNAME ""
| #define PACKAGE_VERSION ""
| #define PACKAGE_STRING ""
| #define PACKAGE_BUGREPORT ""
| #define STDC_HEADERS 1
| #define HAVE_SYS_TYPES_H 1
| #define HAVE_SYS_STAT_H 1
| #define HAVE_STDLIB_H 1
| #define HAVE_STRING_H 1
| #define HAVE_MEMORY_H 1
| #define HAVE_STRINGS_H 1
| #define HAVE_INTTYPES_H 1
| #define HAVE_STDINT_H 1
| #define HAVE_UNISTD_H 1
| /* end confdefs.h.  */
| #include <stdio.h>
| #ifdef HAVE_SYS_TYPES_H
| # include <sys/types.h>
| #endif
| #ifdef HAVE_SYS_STAT_H
| # include <sys/stat.h>
| #endif
| #ifdef STDC_HEADERS
| # include <stdlib.h>
| # include <stddef.h>
| #else
| # ifdef HAVE_STDLIB_H
| #  include <stdlib.h>
| # endif
| #endif
| #ifdef HAVE_STRING_H
| # if !defined STDC_HEADERS && defined HAVE_MEMORY_H
| #  include <memory.h>
| # endif
| # include <string.h>
| #endif
| #ifdef HAVE_STRINGS_H
| # include <strings.h>
| #endif
| #ifdef HAVE_INTTYPES_H
| # include <inttypes.h>
| #endif
| #ifdef HAVE_STDINT_H
| # include <stdint.h>
| #endif
| #ifdef HAVE_UNISTD_H
| # include <unistd.h>
| #endif
| #include <minix/config.h>
configure:3825: result: no
configure:3829: checking minix/config.h presence
configure:3844: gcc -E  conftest.c
conftest.c:18:26: error: minix/config.h: No such file or directory
configure:3851: $? = 1
configure: failed program was:
| /* confdefs.h.  */
| #define PACKAGE_NAME ""
| #define PACKAGE_TARNAME ""
| #define PACKAGE_VERSION ""
| #define PACKAGE_STRING ""
| #define PACKAGE_BUGREPORT ""
| #define STDC_HEADERS 1
| #define HAVE_SYS_TYPES_H 1
| #define HAVE_SYS_STAT_H 1
| #define HAVE_STDLIB_H 1
| #define HAVE_STRING_H 1
| #define HAVE_MEMORY_H 1
| #define HAVE_STRINGS_H 1
| #define HAVE_INTTYPES_H 1
| #define HAVE_STDINT_H 1
| #define HAVE_UNISTD_H 1
| /* end confdefs.h.  */
| #include <minix/config.h>
configure:3865: result: no
configure:3893: checking for minix/config.h
configure:3900: result: no
configure:3931: checking whether it is safe to define __EXTENSIONS__
configure:3959: gcc -c -g -O2  conftest.c >&5
configure:3966: $? = 0
configure:3981: result: yes
configure:4092: checking for a BSD-compatible install
configure:4160: result: /usr/bin/install -c
configure:4171: checking whether build environment is sane
configure:4231: result: yes
configure:4372: checking for a thread-safe mkdir -p
configure:4411: result: ./install-sh -c -d
configure:4424: checking for gawk
configure:4454: result: no
configure:4424: checking for mawk
configure:4454: result: no
configure:4424: checking for nawk
configure:4454: result: no
configure:4424: checking for awk
configure:4440: found /usr/bin/awk
configure:4451: result: awk
configure:4462: checking whether make sets $(MAKE)
configure:4484: result: yes
configure:4514: checking for style of include used by make
configure:4542: result: GNU
configure:4629: checking dependency style of gcc
configure:4739: result: gcc3
configure:4780: checking for library containing strerror
configure:4821: gcc -o conftest -g -O2   conftest.c  >&5
configure:4828: $? = 0
configure:4859: result: none required
configure:4915: checking for gcc
configure:4942: result: gcc
configure:5174: checking for C compiler version
configure:5182: gcc --version >&5
i686-apple-darwin11-llvm-gcc-4.2 (GCC) 4.2.1 (Based on Apple Inc. build 5658) (LLVM build 2336.1.00)
Copyright (C) 2007 Free Software Foundation, Inc.
This is free software; see the source for copying conditions.  There is NO
warranty; not even for MERCHANTABILITY or FITNESS FOR A PARTICULAR PURPOSE.

configure:5186: $? = 0
configure:5193: gcc -v >&5
Using built-in specs.
Target: i686-apple-darwin11
Configured with: /private/var/tmp/llvmgcc42/llvmgcc42-2336.1~22/src/configure --disable-checking --enable-werror --prefix=/Developer/usr/llvm-gcc-4.2 --mandir=/share/man --enable-languages=c,objc,c++,obj-c++ --program-prefix=llvm- --program-transform-name=/^[cg][^.-]*$/s/$/-4.2/ --with-slibdir=/usr/lib --build=i686-apple-darwin11 --enable-llvm=/private/var/tmp/llvmgcc42/llvmgcc42-2336.1~22/dst-llvmCore/Developer/usr/local --program-prefix=i686-apple-darwin11- --host=x86_64-apple-darwin11 --target=i686-apple-darwin11 --with-gxx-include-dir=/usr/include/c++/4.2.1
Thread model: posix
gcc version 4.2.1 (Based on Apple Inc. build 5658) (LLVM build 2336.1.00)
configure:5197: $? = 0
configure:5204: gcc -V >&5
llvm-gcc-4.2: argument to `-V' is missing
configure:5208: $? = 1
configure:5211: checking whether we are using the GNU C compiler
configure:5264: result: yes
configure:5273: checking whether gcc accepts -g
configure:5411: result: yes
configure:5428: checking for gcc option to accept ISO C89
configure:5532: result: none needed
configure:5564: checking for a BSD-compatible install
configure:5632: result: /usr/bin/install -c
configure:5648: checking how to run the C preprocessor
configure:5766: result: gcc -E
configure:5795: gcc -E  conftest.c
configure:5802: $? = 0
configure:5833: gcc -E  conftest.c
conftest.c:25:28: error: ac_nonexistent.h: No such file or directory
configure:5840: $? = 1
configure: failed program was:
| /* confdefs.h.  */
| #define PACKAGE_NAME ""
| #define PACKAGE_TARNAME ""
| #define PACKAGE_VERSION ""
| #define PACKAGE_STRING ""
| #define PACKAGE_BUGREPORT ""
| #define STDC_HEADERS 1
| #define HAVE_SYS_TYPES_H 1
| #define HAVE_SYS_STAT_H 1
| #define HAVE_STDLIB_H 1
| #define HAVE_STRING_H 1
| #define HAVE_MEMORY_H 1
| #define HAVE_STRINGS_H 1
| #define HAVE_INTTYPES_H 1
| #define HAVE_STDINT_H 1
| #define HAVE_UNISTD_H 1
| #define __EXTENSIONS__ 1
| #define _ALL_SOURCE 1
| #define _GNU_SOURCE 1
| #define _POSIX_PTHREAD_SEMANTICS 1
| #define _TANDEM_SOURCE 1
| #define PACKAGE "libxslt"
| #define VERSION "1.1.26"
| /* end confdefs.h.  */
| #include <ac_nonexistent.h>
configure:5881: checking for rm
configure:5899: found /bin/rm
configure:5912: result: /bin/rm
configure:5922: checking for mv
configure:5940: found /bin/mv
configure:5953: result: /bin/mv
configure:5963: checking for tar
configure:5981: found /usr/bin/tar
configure:5994: result: /usr/bin/tar
configure:6004: checking for xmllint
configure:6022: found /usr/bin/xmllint
configure:6035: result: /usr/bin/xmllint
configure:6045: checking for xsltproc
configure:6063: found /usr/bin/xsltproc
configure:6076: result: /usr/bin/xsltproc
configure:6085: checking for ANSI C header files
configure:6253: result: yes
configure:6592: checking for a sed that does not truncate output
configure:6658: result: /usr/bin/sed
configure:6676: checking for fgrep
configure:6740: result: /usr/bin/grep -F
configure:6775: checking for ld used by gcc
configure:6842: result: /usr/llvm-gcc-4.2/libexec/gcc/i686-apple-darwin11/4.2.1/ld
configure:6851: checking if the linker (/usr/llvm-gcc-4.2/libexec/gcc/i686-apple-darwin11/4.2.1/ld) is GNU ld
configure:6866: result: no
configure:6878: checking for BSD- or MS-compatible name lister (nm)
configure:6927: result: /usr/bin/nm
configure:7045: checking the name lister (/usr/bin/nm) interface
configure:7052: gcc -c -g -O2  conftest.c >&5
configure:7055: /usr/bin/nm "conftest.o"
configure:7058: output
0000000000000194 S _some_variable
configure:7065: result: BSD nm
configure:7068: checking whether ln -s works
configure:7072: result: yes
configure:7080: checking the maximum length of command line arguments
configure:7200: result: 196608
configure:7217: checking whether the shell understands some XSI constructs
configure:7227: result: yes
configure:7231: checking whether the shell understands "+="
configure:7237: result: yes
configure:7272: checking for /usr/llvm-gcc-4.2/libexec/gcc/i686-apple-darwin11/4.2.1/ld option to reload object files
configure:7279: result: -r
configure:7348: checking for objdump
configure:7375: result: objdump
configure:7404: checking how to recognize dependent libraries
configure:7600: result: pass_all
configure:7660: checking for ar
configure:7676: found /usr/bin/ar
configure:7687: result: ar
configure:7765: checking for strip
configure:7781: found /usr/bin/strip
configure:7792: result: strip
configure:7864: checking for ranlib
configure:7880: found /usr/bin/ranlib
configure:7891: result: ranlib
configure:7981: checking command to parse /usr/bin/nm output from gcc object
configure:8099: gcc -c -g -O2  conftest.c >&5
configure:8102: $? = 0
configure:8106: /usr/bin/nm conftest.o \| sed -n -e 's/^.*[	 ]\([BCDEGRST][BCDEGRST]*\)[	 ][	 ]*\([_A-Za-z][_A-Za-z0-9]*\)$/\1 \2 \2/p' \> conftest.nm
configure:8109: $? = 0
cannot find nm_test_var in conftest.nm
configure:8099: gcc -c -g -O2  conftest.c >&5
configure:8102: $? = 0
configure:8106: /usr/bin/nm conftest.o \| sed -n -e 's/^.*[	 ]\([BCDEGRST][BCDEGRST]*\)[	 ][	 ]*_\([_A-Za-z][_A-Za-z0-9]*\)$/\1 _\2 \2/p' \> conftest.nm
configure:8109: $? = 0
configure:8163: gcc -o conftest -g -O2   conftest.c conftstm.o >&5
configure:8166: $? = 0
configure:8204: result: ok
configure:8497: checking for dsymutil
configure:8513: found /usr/bin/dsymutil
configure:8524: result: dsymutil
configure:8589: checking for nmedit
configure:8605: found /usr/bin/nmedit
configure:8616: result: nmedit
configure:8681: checking for lipo
configure:8697: found /usr/bin/lipo
configure:8708: result: lipo
configure:8773: checking for otool
configure:8789: found /usr/bin/otool
configure:8800: result: otool
configure:8865: checking for otool64
configure:8895: result: no
configure:8940: checking for -single_module linker flag
gcc -g -O2  -o libconftest.dylib -dynamiclib -Wl,-single_module conftest.c
configure:8967: result: yes
configure:8969: checking for -exported_symbols_list linker flag
configure:8999: gcc -o conftest -g -O2   -Wl,-exported_symbols_list,conftest.sym conftest.c  >&5
configure:9006: $? = 0
configure:9028: result: yes
configure:9069: checking for dlfcn.h
configure:9090: gcc -c -g -O2  conftest.c >&5
configure:9097: $? = 0
configure:9114: result: yes
configure:9298: checking for objdir
configure:9313: result: .libs
configure:9605: checking if gcc supports -fno-rtti -fno-exceptions
configure:9623: gcc -c -g -O2  -fno-rtti -fno-exceptions conftest.c >&5
cc1: warning: command line option "-fno-rtti" is valid for C++/ObjC++ but not for C
configure:9627: $? = 0
configure:9640: result: no
configure:9660: checking for gcc option to produce PIC
configure:9932: result: -fno-common -DPIC
configure:9944: checking if gcc PIC flag -fno-common -DPIC works
configure:9962: gcc -c -g -O2  -fno-common -DPIC -DPIC conftest.c >&5
configure:9966: $? = 0
configure:9979: result: yes
configure:10003: checking if gcc static flag -static works
configure:10031: result: no
configure:10046: checking if gcc supports -c -o file.o
configure:10067: gcc -c -g -O2  -o out/conftest2.o conftest.c >&5
configure:10071: $? = 0
configure:10093: result: yes
configure:10101: checking if gcc supports -c -o file.o
configure:10148: result: yes
configure:10181: checking whether the gcc linker (/usr/llvm-gcc-4.2/libexec/gcc/i686-apple-darwin11/4.2.1/ld) supports shared libraries
configure:11255: result: yes
configure:11494: checking dynamic linker characteristics
configure:12180: result: darwin11.2.0 dyld
configure:12282: checking how to hardcode library paths into programs
configure:12307: result: immediate
configure:13140: checking whether stripping libraries is possible
configure:13154: result: yes
configure:13180: checking if libtool supports shared libraries
configure:13182: result: yes
configure:13185: checking whether to build shared libraries
configure:13206: result: yes
configure:13209: checking whether to build static libraries
configure:13213: result: yes
configure:13259: checking for sys/types.h
configure:13266: result: yes
configure:13270: checking sys/time.h usability
configure:13287: gcc -c -g -O2  conftest.c >&5
configure:13294: $? = 0
configure:13308: result: yes
configure:13312: checking sys/time.h presence
configure:13327: gcc -E  conftest.c
configure:13334: $? = 0
configure:13348: result: yes
configure:13376: checking for sys/time.h
configure:13385: result: yes
configure:13259: checking for stdlib.h
configure:13266: result: yes
configure:13259: checking for unistd.h
configure:13266: result: yes
configure:13259: checking for string.h
configure:13266: result: yes
configure:13427: checking pthread.h usability
configure:13444: gcc -c -g -O2  conftest.c >&5
configure:13451: $? = 0
configure:13465: result: yes
configure:13469: checking pthread.h presence
configure:13484: gcc -E  conftest.c
configure:13491: $? = 0
configure:13505: result: yes
configure:13533: checking for pthread.h
configure:13540: result: yes
configure:13545: checking for pthread_join in -lpthread
configure:13580: gcc -o conftest -g -O2   conftest.c -lpthread   >&5
configure:13587: $? = 0
configure:13608: result: yes
configure:13652: checking locale.h usability
configure:13669: gcc -c -g -O2  conftest.c >&5
configure:13676: $? = 0
configure:13690: result: yes
configure:13694: checking locale.h presence
configure:13709: gcc -E  conftest.c
configure:13716: $? = 0
configure:13730: result: yes
configure:13758: checking for locale.h
configure:13767: result: yes
configure:13652: checking xlocale.h usability
configure:13669: gcc -c -g -O2  conftest.c >&5
configure:13676: $? = 0
configure:13690: result: yes
configure:13694: checking xlocale.h presence
configure:13709: gcc -E  conftest.c
configure:13716: $? = 0
configure:13730: result: yes
configure:13758: checking for xlocale.h
configure:13767: result: yes
configure:13783: checking if xlocale program link
configure:13851: gcc -o conftest -g -O2   conftest.c  >&5
configure:13858: $? = 0
configure:13866: result: yes
configure:13914: checking ieeefp.h usability
configure:13931: gcc -c -g -O2  conftest.c >&5
conftest.c:70:20: error: ieeefp.h: No such file or directory
configure:13938: $? = 1
configure: failed program was:
| /* confdefs.h.  */
| #define PACKAGE_NAME ""
| #define PACKAGE_TARNAME ""
| #define PACKAGE_VERSION ""
| #define PACKAGE_STRING ""
| #define PACKAGE_BUGREPORT ""
| #define STDC_HEADERS 1
| #define HAVE_SYS_TYPES_H 1
| #define HAVE_SYS_STAT_H 1
| #define HAVE_STDLIB_H 1
| #define HAVE_STRING_H 1
| #define HAVE_MEMORY_H 1
| #define HAVE_STRINGS_H 1
| #define HAVE_INTTYPES_H 1
| #define HAVE_STDINT_H 1
| #define HAVE_UNISTD_H 1
| #define __EXTENSIONS__ 1
| #define _ALL_SOURCE 1
| #define _GNU_SOURCE 1
| #define _POSIX_PTHREAD_SEMANTICS 1
| #define _TANDEM_SOURCE 1
| #define PACKAGE "libxslt"
| #define VERSION "1.1.26"
| #define STDC_HEADERS 1
| #define HAVE_DLFCN_H 1
| #define LT_OBJDIR ".libs/"
| #define HAVE_SYS_TYPES_H 1
| #define HAVE_SYS_TIME_H 1
| #define HAVE_STDLIB_H 1
| #define HAVE_UNISTD_H 1
| #define HAVE_STRING_H 1
| #define HAVE_LIBPTHREAD /**/
| #define HAVE_PTHREAD_H /**/
| #define HAVE_LOCALE_H 1
| #define HAVE_XLOCALE_H 1
| /* end confdefs.h.  */
| #include <stdio.h>
| #ifdef HAVE_SYS_TYPES_H
| # include <sys/types.h>
| #endif
| #ifdef HAVE_SYS_STAT_H
| # include <sys/stat.h>
| #endif
| #ifdef STDC_HEADERS
| # include <stdlib.h>
| # include <stddef.h>
| #else
| # ifdef HAVE_STDLIB_H
| #  include <stdlib.h>
| # endif
| #endif
| #ifdef HAVE_STRING_H
| # if !defined STDC_HEADERS && defined HAVE_MEMORY_H
| #  include <memory.h>
| # endif
| # include <string.h>
| #endif
| #ifdef HAVE_STRINGS_H
| # include <strings.h>
| #endif
| #ifdef HAVE_INTTYPES_H
| # include <inttypes.h>
| #endif
| #ifdef HAVE_STDINT_H
| # include <stdint.h>
| #endif
| #ifdef HAVE_UNISTD_H
| # include <unistd.h>
| #endif
| #include <ieeefp.h>
configure:13952: result: no
configure:13956: checking ieeefp.h presence
configure:13971: gcc -E  conftest.c
conftest.c:37:20: error: ieeefp.h: No such file or directory
configure:13978: $? = 1
configure: failed program was:
| /* confdefs.h.  */
| #define PACKAGE_NAME ""
| #define PACKAGE_TARNAME ""
| #define PACKAGE_VERSION ""
| #define PACKAGE_STRING ""
| #define PACKAGE_BUGREPORT ""
| #define STDC_HEADERS 1
| #define HAVE_SYS_TYPES_H 1
| #define HAVE_SYS_STAT_H 1
| #define HAVE_STDLIB_H 1
| #define HAVE_STRING_H 1
| #define HAVE_MEMORY_H 1
| #define HAVE_STRINGS_H 1
| #define HAVE_INTTYPES_H 1
| #define HAVE_STDINT_H 1
| #define HAVE_UNISTD_H 1
| #define __EXTENSIONS__ 1
| #define _ALL_SOURCE 1
| #define _GNU_SOURCE 1
| #define _POSIX_PTHREAD_SEMANTICS 1
| #define _TANDEM_SOURCE 1
| #define PACKAGE "libxslt"
| #define VERSION "1.1.26"
| #define STDC_HEADERS 1
| #define HAVE_DLFCN_H 1
| #define LT_OBJDIR ".libs/"
| #define HAVE_SYS_TYPES_H 1
| #define HAVE_SYS_TIME_H 1
| #define HAVE_STDLIB_H 1
| #define HAVE_UNISTD_H 1
| #define HAVE_STRING_H 1
| #define HAVE_LIBPTHREAD /**/
| #define HAVE_PTHREAD_H /**/
| #define HAVE_LOCALE_H 1
| #define HAVE_XLOCALE_H 1
| /* end confdefs.h.  */
| #include <ieeefp.h>
configure:13992: result: no
configure:14020: checking for ieeefp.h
configure:14029: result: no
configure:13914: checking nan.h usability
configure:13931: gcc -c -g -O2  conftest.c >&5
conftest.c:70:17: error: nan.h: No such file or directory
configure:13938: $? = 1
configure: failed program was:
| /* confdefs.h.  */
| #define PACKAGE_NAME ""
| #define PACKAGE_TARNAME ""
| #define PACKAGE_VERSION ""
| #define PACKAGE_STRING ""
| #define PACKAGE_BUGREPORT ""
| #define STDC_HEADERS 1
| #define HAVE_SYS_TYPES_H 1
| #define HAVE_SYS_STAT_H 1
| #define HAVE_STDLIB_H 1
| #define HAVE_STRING_H 1
| #define HAVE_MEMORY_H 1
| #define HAVE_STRINGS_H 1
| #define HAVE_INTTYPES_H 1
| #define HAVE_STDINT_H 1
| #define HAVE_UNISTD_H 1
| #define __EXTENSIONS__ 1
| #define _ALL_SOURCE 1
| #define _GNU_SOURCE 1
| #define _POSIX_PTHREAD_SEMANTICS 1
| #define _TANDEM_SOURCE 1
| #define PACKAGE "libxslt"
| #define VERSION "1.1.26"
| #define STDC_HEADERS 1
| #define HAVE_DLFCN_H 1
| #define LT_OBJDIR ".libs/"
| #define HAVE_SYS_TYPES_H 1
| #define HAVE_SYS_TIME_H 1
| #define HAVE_STDLIB_H 1
| #define HAVE_UNISTD_H 1
| #define HAVE_STRING_H 1
| #define HAVE_LIBPTHREAD /**/
| #define HAVE_PTHREAD_H /**/
| #define HAVE_LOCALE_H 1
| #define HAVE_XLOCALE_H 1
| /* end confdefs.h.  */
| #include <stdio.h>
| #ifdef HAVE_SYS_TYPES_H
| # include <sys/types.h>
| #endif
| #ifdef HAVE_SYS_STAT_H
| # include <sys/stat.h>
| #endif
| #ifdef STDC_HEADERS
| # include <stdlib.h>
| # include <stddef.h>
| #else
| # ifdef HAVE_STDLIB_H
| #  include <stdlib.h>
| # endif
| #endif
| #ifdef HAVE_STRING_H
| # if !defined STDC_HEADERS && defined HAVE_MEMORY_H
| #  include <memory.h>
| # endif
| # include <string.h>
| #endif
| #ifdef HAVE_STRINGS_H
| # include <strings.h>
| #endif
| #ifdef HAVE_INTTYPES_H
| # include <inttypes.h>
| #endif
| #ifdef HAVE_STDINT_H
| # include <stdint.h>
| #endif
| #ifdef HAVE_UNISTD_H
| # include <unistd.h>
| #endif
| #include <nan.h>
configure:13952: result: no
configure:13956: checking nan.h presence
configure:13971: gcc -E  conftest.c
conftest.c:37:17: error: nan.h: No such file or directory
configure:13978: $? = 1
configure: failed program was:
| /* confdefs.h.  */
| #define PACKAGE_NAME ""
| #define PACKAGE_TARNAME ""
| #define PACKAGE_VERSION ""
| #define PACKAGE_STRING ""
| #define PACKAGE_BUGREPORT ""
| #define STDC_HEADERS 1
| #define HAVE_SYS_TYPES_H 1
| #define HAVE_SYS_STAT_H 1
| #define HAVE_STDLIB_H 1
| #define HAVE_STRING_H 1
| #define HAVE_MEMORY_H 1
| #define HAVE_STRINGS_H 1
| #define HAVE_INTTYPES_H 1
| #define HAVE_STDINT_H 1
| #define HAVE_UNISTD_H 1
| #define __EXTENSIONS__ 1
| #define _ALL_SOURCE 1
| #define _GNU_SOURCE 1
| #define _POSIX_PTHREAD_SEMANTICS 1
| #define _TANDEM_SOURCE 1
| #define PACKAGE "libxslt"
| #define VERSION "1.1.26"
| #define STDC_HEADERS 1
| #define HAVE_DLFCN_H 1
| #define LT_OBJDIR ".libs/"
| #define HAVE_SYS_TYPES_H 1
| #define HAVE_SYS_TIME_H 1
| #define HAVE_STDLIB_H 1
| #define HAVE_UNISTD_H 1
| #define HAVE_STRING_H 1
| #define HAVE_LIBPTHREAD /**/
| #define HAVE_PTHREAD_H /**/
| #define HAVE_LOCALE_H 1
| #define HAVE_XLOCALE_H 1
| /* end confdefs.h.  */
| #include <nan.h>
configure:13992: result: no
configure:14020: checking for nan.h
configure:14029: result: no
configure:13914: checking math.h usability
configure:13931: gcc -c -g -O2  conftest.c >&5
configure:13938: $? = 0
configure:13952: result: yes
configure:13956: checking math.h presence
configure:13971: gcc -E  conftest.c
configure:13978: $? = 0
configure:13992: result: yes
configure:14020: checking for math.h
configure:14029: result: yes
configure:13914: checking fp_class.h usability
configure:13931: gcc -c -g -O2  conftest.c >&5
conftest.c:71:22: error: fp_class.h: No such file or directory
configure:13938: $? = 1
configure: failed program was:
| /* confdefs.h.  */
| #define PACKAGE_NAME ""
| #define PACKAGE_TARNAME ""
| #define PACKAGE_VERSION ""
| #define PACKAGE_STRING ""
| #define PACKAGE_BUGREPORT ""
| #define STDC_HEADERS 1
| #define HAVE_SYS_TYPES_H 1
| #define HAVE_SYS_STAT_H 1
| #define HAVE_STDLIB_H 1
| #define HAVE_STRING_H 1
| #define HAVE_MEMORY_H 1
| #define HAVE_STRINGS_H 1
| #define HAVE_INTTYPES_H 1
| #define HAVE_STDINT_H 1
| #define HAVE_UNISTD_H 1
| #define __EXTENSIONS__ 1
| #define _ALL_SOURCE 1
| #define _GNU_SOURCE 1
| #define _POSIX_PTHREAD_SEMANTICS 1
| #define _TANDEM_SOURCE 1
| #define PACKAGE "libxslt"
| #define VERSION "1.1.26"
| #define STDC_HEADERS 1
| #define HAVE_DLFCN_H 1
| #define LT_OBJDIR ".libs/"
| #define HAVE_SYS_TYPES_H 1
| #define HAVE_SYS_TIME_H 1
| #define HAVE_STDLIB_H 1
| #define HAVE_UNISTD_H 1
| #define HAVE_STRING_H 1
| #define HAVE_LIBPTHREAD /**/
| #define HAVE_PTHREAD_H /**/
| #define HAVE_LOCALE_H 1
| #define HAVE_XLOCALE_H 1
| #define HAVE_MATH_H 1
| /* end confdefs.h.  */
| #include <stdio.h>
| #ifdef HAVE_SYS_TYPES_H
| # include <sys/types.h>
| #endif
| #ifdef HAVE_SYS_STAT_H
| # include <sys/stat.h>
| #endif
| #ifdef STDC_HEADERS
| # include <stdlib.h>
| # include <stddef.h>
| #else
| # ifdef HAVE_STDLIB_H
| #  include <stdlib.h>
| # endif
| #endif
| #ifdef HAVE_STRING_H
| # if !defined STDC_HEADERS && defined HAVE_MEMORY_H
| #  include <memory.h>
| # endif
| # include <string.h>
| #endif
| #ifdef HAVE_STRINGS_H
| # include <strings.h>
| #endif
| #ifdef HAVE_INTTYPES_H
| # include <inttypes.h>
| #endif
| #ifdef HAVE_STDINT_H
| # include <stdint.h>
| #endif
| #ifdef HAVE_UNISTD_H
| # include <unistd.h>
| #endif
| #include <fp_class.h>
configure:13952: result: no
configure:13956: checking fp_class.h presence
configure:13971: gcc -E  conftest.c
conftest.c:38:22: error: fp_class.h: No such file or directory
configure:13978: $? = 1
configure: failed program was:
| /* confdefs.h.  */
| #define PACKAGE_NAME ""
| #define PACKAGE_TARNAME ""
| #define PACKAGE_VERSION ""
| #define PACKAGE_STRING ""
| #define PACKAGE_BUGREPORT ""
| #define STDC_HEADERS 1
| #define HAVE_SYS_TYPES_H 1
| #define HAVE_SYS_STAT_H 1
| #define HAVE_STDLIB_H 1
| #define HAVE_STRING_H 1
| #define HAVE_MEMORY_H 1
| #define HAVE_STRINGS_H 1
| #define HAVE_INTTYPES_H 1
| #define HAVE_STDINT_H 1
| #define HAVE_UNISTD_H 1
| #define __EXTENSIONS__ 1
| #define _ALL_SOURCE 1
| #define _GNU_SOURCE 1
| #define _POSIX_PTHREAD_SEMANTICS 1
| #define _TANDEM_SOURCE 1
| #define PACKAGE "libxslt"
| #define VERSION "1.1.26"
| #define STDC_HEADERS 1
| #define HAVE_DLFCN_H 1
| #define LT_OBJDIR ".libs/"
| #define HAVE_SYS_TYPES_H 1
| #define HAVE_SYS_TIME_H 1
| #define HAVE_STDLIB_H 1
| #define HAVE_UNISTD_H 1
| #define HAVE_STRING_H 1
| #define HAVE_LIBPTHREAD /**/
| #define HAVE_PTHREAD_H /**/
| #define HAVE_LOCALE_H 1
| #define HAVE_XLOCALE_H 1
| #define HAVE_MATH_H 1
| /* end confdefs.h.  */
| #include <fp_class.h>
configure:13992: result: no
configure:14020: checking for fp_class.h
configure:14029: result: no
configure:13914: checking float.h usability
configure:13931: gcc -c -g -O2  conftest.c >&5
configure:13938: $? = 0
configure:13952: result: yes
configure:13956: checking float.h presence
configure:13971: gcc -E  conftest.c
configure:13978: $? = 0
configure:13992: result: yes
configure:14020: checking for float.h
configure:14029: result: yes
configure:13914: checking ansidecl.h usability
configure:13931: gcc -c -g -O2  conftest.c >&5
conftest.c:72:22: error: ansidecl.h: No such file or directory
configure:13938: $? = 1
configure: failed program was:
| /* confdefs.h.  */
| #define PACKAGE_NAME ""
| #define PACKAGE_TARNAME ""
| #define PACKAGE_VERSION ""
| #define PACKAGE_STRING ""
| #define PACKAGE_BUGREPORT ""
| #define STDC_HEADERS 1
| #define HAVE_SYS_TYPES_H 1
| #define HAVE_SYS_STAT_H 1
| #define HAVE_STDLIB_H 1
| #define HAVE_STRING_H 1
| #define HAVE_MEMORY_H 1
| #define HAVE_STRINGS_H 1
| #define HAVE_INTTYPES_H 1
| #define HAVE_STDINT_H 1
| #define HAVE_UNISTD_H 1
| #define __EXTENSIONS__ 1
| #define _ALL_SOURCE 1
| #define _GNU_SOURCE 1
| #define _POSIX_PTHREAD_SEMANTICS 1
| #define _TANDEM_SOURCE 1
| #define PACKAGE "libxslt"
| #define VERSION "1.1.26"
| #define STDC_HEADERS 1
| #define HAVE_DLFCN_H 1
| #define LT_OBJDIR ".libs/"
| #define HAVE_SYS_TYPES_H 1
| #define HAVE_SYS_TIME_H 1
| #define HAVE_STDLIB_H 1
| #define HAVE_UNISTD_H 1
| #define HAVE_STRING_H 1
| #define HAVE_LIBPTHREAD /**/
| #define HAVE_PTHREAD_H /**/
| #define HAVE_LOCALE_H 1
| #define HAVE_XLOCALE_H 1
| #define HAVE_MATH_H 1
| #define HAVE_FLOAT_H 1
| /* end confdefs.h.  */
| #include <stdio.h>
| #ifdef HAVE_SYS_TYPES_H
| # include <sys/types.h>
| #endif
| #ifdef HAVE_SYS_STAT_H
| # include <sys/stat.h>
| #endif
| #ifdef STDC_HEADERS
| # include <stdlib.h>
| # include <stddef.h>
| #else
| # ifdef HAVE_STDLIB_H
| #  include <stdlib.h>
| # endif
| #endif
| #ifdef HAVE_STRING_H
| # if !defined STDC_HEADERS && defined HAVE_MEMORY_H
| #  include <memory.h>
| # endif
| # include <string.h>
| #endif
| #ifdef HAVE_STRINGS_H
| # include <strings.h>
| #endif
| #ifdef HAVE_INTTYPES_H
| # include <inttypes.h>
| #endif
| #ifdef HAVE_STDINT_H
| # include <stdint.h>
| #endif
| #ifdef HAVE_UNISTD_H
| # include <unistd.h>
| #endif
| #include <ansidecl.h>
configure:13952: result: no
configure:13956: checking ansidecl.h presence
configure:13971: gcc -E  conftest.c
conftest.c:39:22: error: ansidecl.h: No such file or directory
configure:13978: $? = 1
configure: failed program was:
| /* confdefs.h.  */
| #define PACKAGE_NAME ""
| #define PACKAGE_TARNAME ""
| #define PACKAGE_VERSION ""
| #define PACKAGE_STRING ""
| #define PACKAGE_BUGREPORT ""
| #define STDC_HEADERS 1
| #define HAVE_SYS_TYPES_H 1
| #define HAVE_SYS_STAT_H 1
| #define HAVE_STDLIB_H 1
| #define HAVE_STRING_H 1
| #define HAVE_MEMORY_H 1
| #define HAVE_STRINGS_H 1
| #define HAVE_INTTYPES_H 1
| #define HAVE_STDINT_H 1
| #define HAVE_UNISTD_H 1
| #define __EXTENSIONS__ 1
| #define _ALL_SOURCE 1
| #define _GNU_SOURCE 1
| #define _POSIX_PTHREAD_SEMANTICS 1
| #define _TANDEM_SOURCE 1
| #define PACKAGE "libxslt"
| #define VERSION "1.1.26"
| #define STDC_HEADERS 1
| #define HAVE_DLFCN_H 1
| #define LT_OBJDIR ".libs/"
| #define HAVE_SYS_TYPES_H 1
| #define HAVE_SYS_TIME_H 1
| #define HAVE_STDLIB_H 1
| #define HAVE_UNISTD_H 1
| #define HAVE_STRING_H 1
| #define HAVE_LIBPTHREAD /**/
| #define HAVE_PTHREAD_H /**/
| #define HAVE_LOCALE_H 1
| #define HAVE_XLOCALE_H 1
| #define HAVE_MATH_H 1
| #define HAVE_FLOAT_H 1
| /* end confdefs.h.  */
| #include <ansidecl.h>
configure:13992: result: no
configure:14020: checking for ansidecl.h
configure:14029: result: no
configure:14064: checking sys/timeb.h usability
configure:14081: gcc -c -g -O2  conftest.c >&5
configure:14088: $? = 0
configure:14102: result: yes
configure:14106: checking sys/timeb.h presence
configure:14121: gcc -E  conftest.c
configure:14128: $? = 0
configure:14142: result: yes
configure:14170: checking for sys/timeb.h
configure:14179: result: yes
configure:14064: checking time.h usability
configure:14081: gcc -c -g -O2  conftest.c >&5
configure:14088: $? = 0
configure:14102: result: yes
configure:14106: checking time.h presence
configure:14121: gcc -E  conftest.c
configure:14128: $? = 0
configure:14142: result: yes
configure:14170: checking for time.h
configure:14179: result: yes
configure:14053: checking for sys/stat.h
configure:14060: result: yes
configure:14064: checking sys/select.h usability
configure:14081: gcc -c -g -O2  conftest.c >&5
configure:14088: $? = 0
configure:14102: result: yes
configure:14106: checking sys/select.h presence
configure:14121: gcc -E  conftest.c
configure:14128: $? = 0
configure:14142: result: yes
configure:14170: checking for sys/select.h
configure:14179: result: yes
configure:14064: checking stdarg.h usability
configure:14081: gcc -c -g -O2  conftest.c >&5
configure:14088: $? = 0
configure:14102: result: yes
configure:14106: checking stdarg.h presence
configure:14121: gcc -E  conftest.c
configure:14128: $? = 0
configure:14142: result: yes
configure:14170: checking for stdarg.h
configure:14179: result: yes
configure:14199: checking for stat
configure:14255: gcc -o conftest -g -O2   conftest.c  >&5
configure:14262: $? = 0
configure:14284: result: yes
configure:14199: checking for _stat
configure:14255: gcc -o conftest -g -O2   conftest.c  >&5
Undefined symbols for architecture x86_64:
  "__stat", referenced from:
      _main in ccLA2dfW.o
ld: symbol(s) not found for architecture x86_64
collect2: ld returned 1 exit status
configure:14262: $? = 1
configure: failed program was:
| /* confdefs.h.  */
| #define PACKAGE_NAME ""
| #define PACKAGE_TARNAME ""
| #define PACKAGE_VERSION ""
| #define PACKAGE_STRING ""
| #define PACKAGE_BUGREPORT ""
| #define STDC_HEADERS 1
| #define HAVE_SYS_TYPES_H 1
| #define HAVE_SYS_STAT_H 1
| #define HAVE_STDLIB_H 1
| #define HAVE_STRING_H 1
| #define HAVE_MEMORY_H 1
| #define HAVE_STRINGS_H 1
| #define HAVE_INTTYPES_H 1
| #define HAVE_STDINT_H 1
| #define HAVE_UNISTD_H 1
| #define __EXTENSIONS__ 1
| #define _ALL_SOURCE 1
| #define _GNU_SOURCE 1
| #define _POSIX_PTHREAD_SEMANTICS 1
| #define _TANDEM_SOURCE 1
| #define PACKAGE "libxslt"
| #define VERSION "1.1.26"
| #define STDC_HEADERS 1
| #define HAVE_DLFCN_H 1
| #define LT_OBJDIR ".libs/"
| #define HAVE_SYS_TYPES_H 1
| #define HAVE_SYS_TIME_H 1
| #define HAVE_STDLIB_H 1
| #define HAVE_UNISTD_H 1
| #define HAVE_STRING_H 1
| #define HAVE_LIBPTHREAD /**/
| #define HAVE_PTHREAD_H /**/
| #define HAVE_LOCALE_H 1
| #define HAVE_XLOCALE_H 1
| #define HAVE_MATH_H 1
| #define HAVE_FLOAT_H 1
| #define HAVE_SYS_TIMEB_H 1
| #define HAVE_TIME_H 1
| #define HAVE_SYS_STAT_H 1
| #define HAVE_SYS_SELECT_H 1
| #define HAVE_STDARG_H 1
| #define HAVE_STAT 1
| /* end confdefs.h.  */
| /* Define _stat to an innocuous variant, in case <limits.h> declares _stat.
|    For example, HP-UX 11i <limits.h> declares gettimeofday.  */
| #define _stat innocuous__stat
| 
| /* System header to define __stub macros and hopefully few prototypes,
|     which can conflict with char _stat (); below.
|     Prefer <limits.h> to <assert.h> if __STDC__ is defined, since
|     <limits.h> exists even on freestanding compilers.  */
| 
| #ifdef __STDC__
| # include <limits.h>
| #else
| # include <assert.h>
| #endif
| 
| #undef _stat
| 
| /* Override any GCC internal prototype to avoid an error.
|    Use char because int might match the return type of a GCC
|    builtin and then its argument prototype would still apply.  */
| #ifdef __cplusplus
| extern "C"
| #endif
| char _stat ();
| /* The GNU C library defines this for functions which it implements
|     to always fail with ENOSYS.  Some functions are actually named
|     something starting with __ and the normal name is an alias.  */
| #if defined __stub__stat || defined __stub____stat
| choke me
| #endif
| 
| int
| main ()
| {
| return _stat ();
|   ;
|   return 0;
| }
configure:14284: result: no
configure:14296: checking for isnan
configure:14352: gcc -o conftest -g -O2   conftest.c  >&5
conftest.c:68: warning: conflicting types for built-in function 'isnan'
configure:14359: $? = 0
configure:14379: result: yes
configure:14459: checking for isinf
configure:14515: gcc -o conftest -g -O2   conftest.c  >&5
conftest.c:68: warning: conflicting types for built-in function 'isinf'
configure:14522: $? = 0
configure:14542: result: yes
configure:14622: checking for pow
configure:14678: gcc -o conftest -g -O2   conftest.c  >&5
conftest.c:68: warning: conflicting types for built-in function 'pow'
configure:14685: $? = 0
configure:14705: result: yes
configure:14785: checking for floor
configure:14841: gcc -o conftest -g -O2   conftest.c  >&5
conftest.c:68: warning: conflicting types for built-in function 'floor'
configure:14848: $? = 0
configure:14868: result: yes
configure:14948: checking for fabs
configure:15004: gcc -o conftest -g -O2   conftest.c  >&5
conftest.c:68: warning: conflicting types for built-in function 'fabs'
configure:15011: $? = 0
configure:15031: result: yes
configure:15114: checking for gettimeofday
configure:15170: gcc -o conftest -g -O2   conftest.c  >&5
configure:15177: $? = 0
configure:15199: result: yes
configure:15221: checking for mktime
configure:15277: gcc -o conftest -g -O2   conftest.c  >&5
configure:15284: $? = 0
configure:15306: result: yes
configure:15221: checking for localtime
configure:15277: gcc -o conftest -g -O2   conftest.c  >&5
configure:15284: $? = 0
configure:15306: result: yes
configure:15221: checking for localtime_r
configure:15277: gcc -o conftest -g -O2   conftest.c  >&5
configure:15284: $? = 0
configure:15306: result: yes
configure:15221: checking for asctime
configure:15277: gcc -o conftest -g -O2   conftest.c  >&5
configure:15284: $? = 0
configure:15306: result: yes
configure:15221: checking for time
configure:15277: gcc -o conftest -g -O2   conftest.c  >&5
configure:15284: $? = 0
configure:15306: result: yes
configure:15221: checking for gmtime_r
configure:15277: gcc -o conftest -g -O2   conftest.c  >&5
configure:15284: $? = 0
configure:15306: result: yes
configure:15221: checking for ftime
configure:15277: gcc -o conftest -g -O2   conftest.c  >&5
configure:15284: $? = 0
configure:15306: result: yes
configure:15330: checking for printf
configure:15386: gcc -o conftest -g -O2   conftest.c  >&5
conftest.c:76: warning: conflicting types for built-in function 'printf'
configure:15393: $? = 0
configure:15415: result: yes
configure:15330: checking for sprintf
configure:15386: gcc -o conftest -g -O2   conftest.c  >&5
conftest.c:77: warning: conflicting types for built-in function 'sprintf'
configure:15393: $? = 0
configure:15415: result: yes
configure:15330: checking for fprintf
configure:15386: gcc -o conftest -g -O2   conftest.c  >&5
conftest.c:78: warning: conflicting types for built-in function 'fprintf'
configure:15393: $? = 0
configure:15415: result: yes
configure:15330: checking for snprintf
configure:15386: gcc -o conftest -g -O2   conftest.c  >&5
conftest.c:79: warning: conflicting types for built-in function 'snprintf'
configure:15393: $? = 0
configure:15415: result: yes
configure:15330: checking for vfprintf
configure:15386: gcc -o conftest -g -O2   conftest.c  >&5
conftest.c:80: warning: conflicting types for built-in function 'vfprintf'
configure:15393: $? = 0
configure:15415: result: yes
configure:15330: checking for vsprintf
configure:15386: gcc -o conftest -g -O2   conftest.c  >&5
conftest.c:81: warning: conflicting types for built-in function 'vsprintf'
configure:15393: $? = 0
configure:15415: result: yes
configure:15330: checking for vsnprintf
configure:15386: gcc -o conftest -g -O2   conftest.c  >&5
conftest.c:82: warning: conflicting types for built-in function 'vsnprintf'
configure:15393: $? = 0
configure:15415: result: yes
configure:15330: checking for sscanf
configure:15386: gcc -o conftest -g -O2   conftest.c  >&5
conftest.c:83: warning: conflicting types for built-in function 'sscanf'
configure:15393: $? = 0
configure:15415: result: yes
configure:15444: checking for perl
configure:15460: found /usr/bin/perl
configure:15472: result: perl
configure:15518: checking for python
configure:15536: found /usr/bin/python
configure:15548: result: /usr/bin/python
configure:15638: checking for libgcrypt-config
configure:15669: result: no
configure:15815: checking for libxml libraries >= 2.6.27
configure:15871: result: 2.7.3 found
configure:15900: checking whether shared libraries will be built (required for plugins)
configure:15911: result: yes
configure:15916: checking libxml2 module support
configure:15920: result: yes
configure:16179: creating ./config.status

## ---------------------- ##
## Running config.status. ##
## ---------------------- ##

This file was extended by config.status, which was
generated by GNU Autoconf 2.63.  Invocation command line was

  CONFIG_FILES    = 
  CONFIG_HEADERS  = 
  CONFIG_LINKS    = 
  CONFIG_COMMANDS = 
  $ ./config.status 

on macbookair

config.status:1132: creating Makefile
config.status:1132: creating libxslt.pc
config.status:1132: creating libexslt.pc
config.status:1132: creating libxslt/Makefile
config.status:1132: creating libxslt/xsltconfig.h
config.status:1132: creating libxslt/xsltwin32config.h
config.status:1132: creating libexslt/Makefile
config.status:1132: creating libexslt/exsltconfig.h
config.status:1132: creating xsltproc/Makefile
config.status:1132: creating python/Makefile
config.status:1132: creating python/tests/Makefile
config.status:1132: creating tests/Makefile
config.status:1132: creating tests/docs/Makefile
config.status:1132: creating tests/REC1/Makefile
config.status:1132: creating tests/REC2/Makefile
config.status:1132: creating tests/REC/Makefile
config.status:1132: creating tests/general/Makefile
config.status:1132: creating tests/reports/Makefile
config.status:1132: creating tests/extensions/Makefile
config.status:1132: creating tests/namespaces/Makefile
config.status:1132: creating tests/keys/Makefile
config.status:1132: creating tests/numbers/Makefile
config.status:1132: creating tests/documents/Makefile
config.status:1132: creating tests/xmlspec/Makefile
config.status:1132: creating tests/multiple/Makefile
config.status:1132: creating tests/xinclude/Makefile
config.status:1132: creating tests/XSLTMark/Makefile
config.status:1132: creating tests/docbook/Makefile
config.status:1132: creating tests/exslt/Makefile
config.status:1132: creating tests/exslt/common/Makefile
config.status:1132: creating tests/exslt/functions/Makefile
config.status:1132: creating tests/exslt/math/Makefile
config.status:1132: creating tests/exslt/sets/Makefile
config.status:1132: creating tests/exslt/strings/Makefile
config.status:1132: creating tests/exslt/date/Makefile
config.status:1132: creating tests/exslt/dynamic/Makefile
config.status:1132: creating tests/plugins/Makefile
config.status:1132: creating doc/Makefile
config.status:1132: creating xslt-config
config.status:1132: creating libxslt.spec
config.status:1132: creating config.h
config.status:1406: executing depfiles commands
config.status:1406: executing libtool commands

## ---------------- ##
## Cache variables. ##
## ---------------- ##

ac_cv_build=i386-apple-darwin11.2.0
ac_cv_c_compiler_gnu=yes
ac_cv_env_CC_set=
ac_cv_env_CC_value=
ac_cv_env_CFLAGS_set=
ac_cv_env_CFLAGS_value=
ac_cv_env_CPPFLAGS_set=
ac_cv_env_CPPFLAGS_value=
ac_cv_env_CPP_set=
ac_cv_env_CPP_value=
ac_cv_env_LDFLAGS_set=
ac_cv_env_LDFLAGS_value=
ac_cv_env_LIBS_set=
ac_cv_env_LIBS_value=
ac_cv_env_build_alias_set=
ac_cv_env_build_alias_value=
ac_cv_env_host_alias_set=
ac_cv_env_host_alias_value=
ac_cv_env_target_alias_set=
ac_cv_env_target_alias_value=
ac_cv_func__stat=no
ac_cv_func_asctime=yes
ac_cv_func_fabs=yes
ac_cv_func_floor=yes
ac_cv_func_fprintf=yes
ac_cv_func_ftime=yes
ac_cv_func_gettimeofday=yes
ac_cv_func_gmtime_r=yes
ac_cv_func_isinf=yes
ac_cv_func_isnan=yes
ac_cv_func_localtime=yes
ac_cv_func_localtime_r=yes
ac_cv_func_mktime=yes
ac_cv_func_pow=yes
ac_cv_func_printf=yes
ac_cv_func_snprintf=yes
ac_cv_func_sprintf=yes
ac_cv_func_sscanf=yes
ac_cv_func_stat=yes
ac_cv_func_time=yes
ac_cv_func_vfprintf=yes
ac_cv_func_vsnprintf=yes
ac_cv_func_vsprintf=yes
ac_cv_header_ansidecl_h=no
ac_cv_header_dlfcn_h=yes
ac_cv_header_float_h=yes
ac_cv_header_fp_class_h=no
ac_cv_header_ieeefp_h=no
ac_cv_header_inttypes_h=yes
ac_cv_header_locale_h=yes
ac_cv_header_math_h=yes
ac_cv_header_memory_h=yes
ac_cv_header_minix_config_h=no
ac_cv_header_nan_h=no
ac_cv_header_pthread_h=yes
ac_cv_header_stdarg_h=yes
ac_cv_header_stdc=yes
ac_cv_header_stdint_h=yes
ac_cv_header_stdlib_h=yes
ac_cv_header_string_h=yes
ac_cv_header_strings_h=yes
ac_cv_header_sys_select_h=yes
ac_cv_header_sys_stat_h=yes
ac_cv_header_sys_time_h=yes
ac_cv_header_sys_timeb_h=yes
ac_cv_header_sys_types_h=yes
ac_cv_header_time_h=yes
ac_cv_header_unistd_h=yes
ac_cv_header_xlocale_h=yes
ac_cv_host=i386-apple-darwin11.2.0
ac_cv_lib_pthread_pthread_join=yes
ac_cv_objext=o
ac_cv_path_EGREP='/usr/bin/grep -E'
ac_cv_path_FGREP='/usr/bin/grep -F'
ac_cv_path_GREP=/usr/bin/grep
ac_cv_path_LIBGCRYPT_CONFIG=no
ac_cv_path_MV=/bin/mv
ac_cv_path_PYTHON=/usr/bin/python
ac_cv_path_RM=/bin/rm
ac_cv_path_SED=/usr/bin/sed
ac_cv_path_TAR=/usr/bin/tar
ac_cv_path_XMLLINT=/usr/bin/xmllint
ac_cv_path_XSLTPROC=/usr/bin/xsltproc
ac_cv_path_install='/usr/bin/install -c'
ac_cv_prog_AWK=awk
ac_cv_prog_CPP='gcc -E'
ac_cv_prog_PERL=perl
ac_cv_prog_ac_ct_AR=ar
ac_cv_prog_ac_ct_CC=gcc
ac_cv_prog_ac_ct_DSYMUTIL=dsymutil
ac_cv_prog_ac_ct_LIPO=lipo
ac_cv_prog_ac_ct_NMEDIT=nmedit
ac_cv_prog_ac_ct_OBJDUMP=objdump
ac_cv_prog_ac_ct_OTOOL=otool
ac_cv_prog_ac_ct_RANLIB=ranlib
ac_cv_prog_ac_ct_STRIP=strip
ac_cv_prog_cc_c89=
ac_cv_prog_cc_g=yes
ac_cv_prog_make_make_set=yes
ac_cv_safe_to_define___extensions__=yes
ac_cv_search_strerror='none required'
am_cv_CC_dependencies_compiler_type=gcc3
lt_cv_apple_cc_single_mod=yes
lt_cv_deplibs_check_method=pass_all
lt_cv_file_magic_cmd='$MAGIC_CMD'
lt_cv_file_magic_test_file=
lt_cv_ld_exported_symbols_list=yes
lt_cv_ld_reload_flag=-r
lt_cv_nm_interface='BSD nm'
lt_cv_objdir=.libs
lt_cv_path_LD=/usr/llvm-gcc-4.2/libexec/gcc/i686-apple-darwin11/4.2.1/ld
lt_cv_path_NM=/usr/bin/nm
lt_cv_prog_compiler_c_o=yes
lt_cv_prog_compiler_pic_works=yes
lt_cv_prog_compiler_rtti_exceptions=no
lt_cv_prog_compiler_static_works=no
lt_cv_prog_gnu_ld=no
lt_cv_sys_global_symbol_pipe='sed -n -e '\''s/^.*[	 ]\([BCDEGRST][BCDEGRST]*\)[	 ][	 ]*_\([_A-Za-z][_A-Za-z0-9]*\)$/\1 _\2 \2/p'\'''
lt_cv_sys_global_symbol_to_c_name_address='sed -n -e '\''s/^: \([^ ]*\) $/  {\"\1\", (void *) 0},/p'\'' -e '\''s/^[BCDEGRST]* \([^ ]*\) \([^ ]*\)$/  {"\2", (void *) \&\2},/p'\'''
lt_cv_sys_global_symbol_to_c_name_address_lib_prefix='sed -n -e '\''s/^: \([^ ]*\) $/  {\"\1\", (void *) 0},/p'\'' -e '\''s/^[BCDEGRST]* \([^ ]*\) \(lib[^ ]*\)$/  {"\2", (void *) \&\2},/p'\'' -e '\''s/^[BCDEGRST]* \([^ ]*\) \([^ ]*\)$/  {"lib\2", (void *) \&\2},/p'\'''
lt_cv_sys_global_symbol_to_cdecl='sed -n -e '\''s/^T .* \(.*\)$/extern int \1();/p'\'' -e '\''s/^[BCDEGRST]* .* \(.*\)$/extern char \1;/p'\'''
lt_cv_sys_max_cmd_len=196608

## ----------------- ##
## Output variables. ##
## ----------------- ##

ACLOCAL='${SHELL} /Users/khkim/libxslt/libxslt-1.1.26/missing --run aclocal-1.11'
AMDEPBACKSLASH='\'
AMDEP_FALSE='#'
AMDEP_TRUE=''
AMTAR='${SHELL} /Users/khkim/libxslt/libxslt-1.1.26/missing --run tar'
AR='ar'
AS='as'
AUTOCONF='${SHELL} /Users/khkim/libxslt/libxslt-1.1.26/missing --run autoconf'
AUTOHEADER='${SHELL} /Users/khkim/libxslt/libxslt-1.1.26/missing --run autoheader'
AUTOMAKE='${SHELL} /Users/khkim/libxslt/libxslt-1.1.26/missing --run automake-1.11'
AWK='awk'
CC='gcc'
CCDEPMODE='depmode=gcc3'
CFLAGS='-g -O2 -Wall'
CPP='gcc -E'
CPPFLAGS=''
CYGPATH_W='echo'
DEFS='-DHAVE_CONFIG_H'
DEPDIR='.deps'
DLLTOOL='dlltool'
DSYMUTIL='dsymutil'
DUMPBIN=''
ECHO_C='\c'
ECHO_N=''
ECHO_T=''
EGREP='/usr/bin/grep -E'
EXEEXT=''
EXSLT_INCLUDEDIR='-I${includedir}'
EXSLT_LIBDIR='-L${libdir}'
EXSLT_LIBS='-lexslt -lxslt  -lxml2 -lz -lpthread -licucore -lm  '
EXTRA_LIBS='  -lxml2 -lz -lpthread -licucore -lm '
FGREP='/usr/bin/grep -F'
GREP='/usr/bin/grep'
HTML_DIR='$(datadir)/doc/$(PACKAGE)-$(VERSION)/html'
INSTALL_DATA='${INSTALL} -m 644'
INSTALL_PROGRAM='${INSTALL}'
INSTALL_SCRIPT='${INSTALL}'
INSTALL_STRIP_PROGRAM='$(install_sh) -c -s'
LD='/usr/llvm-gcc-4.2/libexec/gcc/i686-apple-darwin11/4.2.1/ld'
LDFLAGS=''
LIBEXSLT_MAJOR_VERSION='0'
LIBEXSLT_MICRO_VERSION='15'
LIBEXSLT_MINOR_VERSION='8'
LIBEXSLT_VERSION='0.8.15'
LIBEXSLT_VERSION_EXTRA=''
LIBEXSLT_VERSION_INFO='8:15:8'
LIBEXSLT_VERSION_NUMBER='815'
LIBGCRYPT_CFLAGS=''
LIBGCRYPT_CONFIG='no'
LIBGCRYPT_LIBS=''
LIBOBJS=''
LIBS=''
LIBTOOL='$(SHELL) $(top_builddir)/libtool'
LIBXML_CFLAGS=' -I/usr/include/libxml2'
LIBXML_LIBS=' -lxml2 -lz -lpthread -licucore -lm'
LIBXML_REQUIRED_VERSION='2.6.27'
LIBXML_SRC=''
LIBXSLT_DEFAULT_PLUGINS_PATH='/usr/local/lib/libxslt-plugins'
LIBXSLT_MAJOR_MINOR_VERSION='1.1'
LIBXSLT_MAJOR_VERSION='1'
LIBXSLT_MICRO_VERSION='26'
LIBXSLT_MINOR_VERSION='1'
LIBXSLT_VERSION='1.1.26'
LIBXSLT_VERSION_EXTRA=''
LIBXSLT_VERSION_INFO='2:26:1'
LIBXSLT_VERSION_NUMBER='10126'
LIPO='lipo'
LN_S='ln -s'
LTLIBOBJS=''
MAKEINFO='${SHELL} /Users/khkim/libxslt/libxslt-1.1.26/missing --run makeinfo'
MKDIR_P='./install-sh -c -d'
MV='/bin/mv'
M_LIBS=''
NM='/usr/bin/nm'
NMEDIT='nmedit'
OBJDUMP='objdump'
OBJEXT='o'
OTOOL64=':'
OTOOL='otool'
PACKAGE='libxslt'
PACKAGE_BUGREPORT=''
PACKAGE_NAME=''
PACKAGE_STRING=''
PACKAGE_TARNAME=''
PACKAGE_VERSION=''
PATH_SEPARATOR=':'
PERL='perl'
PYTHON='/usr/bin/python'
PYTHONSODV=''
PYTHON_INCLUDES='/usr/include/python2.7'
PYTHON_SITE_PACKAGES='/Library/Python/2.7/site-packages'
PYTHON_SUBDIR='python'
PYTHON_VERSION='2.7'
RANLIB='ranlib'
RELDATE='Tue Jan 24 2012'
RM='/bin/rm'
SED='/usr/bin/sed'
SET_MAKE=''
SHELL='/bin/sh'
STATIC_BINARIES=''
STRIP='strip'
TAR='/usr/bin/tar'
THREAD_LIBS='-lpthread'
USE_VERSION_SCRIPT_FALSE=''
USE_VERSION_SCRIPT_TRUE='#'
VERSION='1.1.26'
VERSION_SCRIPT_FLAGS=''
WIN32_EXTRA_LDFLAGS=''
WIN32_EXTRA_LIBADD=''
WITH_CRYPTO='0'
WITH_DEBUGGER='1'
WITH_MEM_DEBUG='0'
WITH_MODULES='1'
WITH_MODULES_FALSE='#'
WITH_MODULES_TRUE=''
WITH_PERL_FALSE='#'
WITH_PERL_TRUE=''
WITH_PYTHON_FALSE='#'
WITH_PYTHON_TRUE=''
WITH_TRIO='0'
WITH_XSLT_DEBUG='1'
XMLLINT='/usr/bin/xmllint'
XML_CONFIG='xml2-config'
XSLTPROC='/usr/bin/xsltproc'
XSLTPROCDV=''
XSLT_INCLUDEDIR='-I${includedir}'
XSLT_LIBDIR='-L${libdir}'
XSLT_LIBS='-lxslt  -lxml2 -lz -lpthread -licucore -lm '
XSLT_LOCALE_WINAPI='0'
XSLT_LOCALE_XLOCALE='1'
ac_ct_CC='gcc'
ac_ct_DUMPBIN=''
am__EXEEXT_FALSE=''
am__EXEEXT_TRUE='#'
am__fastdepCC_FALSE='#'
am__fastdepCC_TRUE=''
am__include='include'
am__isrc=''
am__leading_dot='.'
am__quote=''
am__tar='${AMTAR} chof - "$$tardir"'
am__untar='${AMTAR} xf -'
bindir='${exec_prefix}/bin'
build='i386-apple-darwin11.2.0'
build_alias=''
build_cpu='i386'
build_os='darwin11.2.0'
build_vendor='apple'
datadir='${datarootdir}'
datarootdir='${prefix}/share'
docdir='${datarootdir}/doc/${PACKAGE}'
dvidir='${docdir}'
exec_prefix='${prefix}'
host='i386-apple-darwin11.2.0'
host_alias=''
host_cpu='i386'
host_os='darwin11.2.0'
host_vendor='apple'
htmldir='${docdir}'
includedir='${prefix}/include'
infodir='${datarootdir}/info'
install_sh='${SHELL} /Users/khkim/libxslt/libxslt-1.1.26/install-sh'
libdir='${exec_prefix}/lib'
libexecdir='${exec_prefix}/libexec'
localedir='${datarootdir}/locale'
localstatedir='${prefix}/var'
lt_ECHO='/bin/echo'
mandir='${datarootdir}/man'
mkdir_p='$(top_builddir)/./install-sh -c -d'
oldincludedir='/usr/include'
pdfdir='${docdir}'
prefix='/usr/local'
program_transform_name='s,x,x,'
psdir='${docdir}'
pythondir='$(libdir)/python$(PYTHON_VERSION)/site-packages'
sbindir='${exec_prefix}/sbin'
sharedstatedir='${prefix}/com'
sysconfdir='${prefix}/etc'
target_alias=''

## ----------- ##
## confdefs.h. ##
## ----------- ##

#define PACKAGE_NAME ""
#define PACKAGE_TARNAME ""
#define PACKAGE_VERSION ""
#define PACKAGE_STRING ""
#define PACKAGE_BUGREPORT ""
#define STDC_HEADERS 1
#define HAVE_SYS_TYPES_H 1
#define HAVE_SYS_STAT_H 1
#define HAVE_STDLIB_H 1
#define HAVE_STRING_H 1
#define HAVE_MEMORY_H 1
#define HAVE_STRINGS_H 1
#define HAVE_INTTYPES_H 1
#define HAVE_STDINT_H 1
#define HAVE_UNISTD_H 1
#define __EXTENSIONS__ 1
#define _ALL_SOURCE 1
#define _GNU_SOURCE 1
#define _POSIX_PTHREAD_SEMANTICS 1
#define _TANDEM_SOURCE 1
#define PACKAGE "libxslt"
#define VERSION "1.1.26"
#define STDC_HEADERS 1
#define HAVE_DLFCN_H 1
#define LT_OBJDIR ".libs/"
#define HAVE_SYS_TYPES_H 1
#define HAVE_SYS_TIME_H 1
#define HAVE_STDLIB_H 1
#define HAVE_UNISTD_H 1
#define HAVE_STRING_H 1
#define HAVE_LIBPTHREAD /**/
#define HAVE_PTHREAD_H /**/
#define HAVE_LOCALE_H 1
#define HAVE_XLOCALE_H 1
#define HAVE_MATH_H 1
#define HAVE_FLOAT_H 1
#define HAVE_SYS_TIMEB_H 1
#define HAVE_TIME_H 1
#define HAVE_SYS_STAT_H 1
#define HAVE_SYS_SELECT_H 1
#define HAVE_STDARG_H 1
#define HAVE_STAT 1
#define HAVE_GETTIMEOFDAY 1
#define HAVE_MKTIME 1
#define HAVE_LOCALTIME 1
#define HAVE_LOCALTIME_R 1
#define HAVE_ASCTIME 1
#define HAVE_TIME 1
#define HAVE_GMTIME_R 1
#define HAVE_FTIME 1
#define HAVE_PRINTF 1
#define HAVE_SPRINTF 1
#define HAVE_FPRINTF 1
#define HAVE_SNPRINTF 1
#define HAVE_VFPRINTF 1
#define HAVE_VSPRINTF 1
#define HAVE_VSNPRINTF 1
#define HAVE_SSCANF 1
#define WITH_DEBUGGER 1

configure: exit 0
